0 info it worked if it ends with ok
1 verbose cli [ 'node', '/Users/louis/.nvm/v0.10.36/bin/npm', 'start' ]
2 info using npm@3.10.2
3 info using node@v0.10.36
4 verbose stack Error: Failed to parse json
4 verbose stack No value found for key underscore at 30:19
4 verbose stack     "underscore": >= "1.8.3"
4 verbose stack                   ^
4 verbose stack     at parseError (/Users/louis/.nvm/v0.10.36/lib/node_modules/npm/node_modules/read-package-json/read-json.js:390:11)
4 verbose stack     at parseJson (/Users/louis/.nvm/v0.10.36/lib/node_modules/npm/node_modules/read-package-json/read-json.js:79:23)
4 verbose stack     at /Users/louis/.nvm/v0.10.36/lib/node_modules/npm/node_modules/read-package-json/read-json.js:48:5
4 verbose stack     at /Users/louis/.nvm/v0.10.36/lib/node_modules/npm/node_modules/graceful-fs/graceful-fs.js:78:16
4 verbose stack     at fs.js:272:14
4 verbose stack     at /Users/louis/.nvm/v0.10.36/lib/node_modules/npm/node_modules/graceful-fs/graceful-fs.js:43:10
4 verbose stack     at Object.oncomplete (fs.js:108:15)
5 verbose cwd /Users/louis/stuff/firefighting-game
6 error Darwin 15.4.0
7 error argv "node" "/Users/louis/.nvm/v0.10.36/bin/npm" "start"
8 error node v0.10.36
9 error npm  v3.10.2
10 error file /Users/louis/stuff/firefighting-game/package.json
11 error code EJSONPARSE
12 error Failed to parse json
12 error No value found for key underscore at 30:19
12 error     "underscore": >= "1.8.3"
12 error                   ^
13 error File: /Users/louis/stuff/firefighting-game/package.json
14 error Failed to parse package.json data.
14 error package.json must be actual JSON, not just JavaScript.
14 error
14 error This is not a bug in npm.
14 error Tell the package author to fix their package.json file. JSON.parse
15 verbose exit [ 1, true ]
